<?xml version="1.0" encoding="UTF-8"?>
<!-- Generated by org.testng.reporters.JUnitReportReporter -->
<testsuite hostname="NSL-6533" failures="0" tests="2" name="pages.GetTest" time="7.093" errors="0" timestamp="27 Jun 2022 12:54:07 GMT" skipped="0">
  <testcase classname="pages.GetTest" name="test1" time="4.994"/>
  <testcase classname="pages.GetTest" name="test2" time="2.099"/>
</testsuite> <!-- pages.GetTest -->
