<?xml version="1.0" encoding="UTF-8"?>
<!-- Generated by org.testng.reporters.JUnitReportReporter -->
<testsuite hostname="NSL-6533" failures="0" tests="1" name="pages.PutTest" time="4.580" errors="0" timestamp="27 Jun 2022 16:59:03 GMT" skipped="0">
  <testcase classname="pages.PutTest" name="test1" time="4.580"/>
</testsuite> <!-- pages.PutTest -->
