<?xml version="1.0" encoding="UTF-8"?>
<!-- Generated by org.testng.reporters.JUnitReportReporter -->
<testsuite hostname="NSL-6533" failures="0" tests="1" name="pages.patchTest" time="4.926" errors="0" timestamp="27 Jun 2022 17:03:06 GMT" skipped="0">
  <testcase classname="pages.patchTest" name="test1" time="4.926"/>
</testsuite> <!-- pages.patchTest -->
