<?xml version="1.0" encoding="UTF-8"?>
<!-- Generated by org.testng.reporters.JUnitReportReporter -->
<testsuite hostname="NSL-6533" failures="0" tests="1" name="outsystem.GetTest" time="4.341" errors="0" timestamp="2022-07-04T23:01:33 IST" skipped="0">
  <testcase classname="outsystem.GetTest" name="test1" time="4.341"/>
  <system-out/>
</testsuite> <!-- outsystem.GetTest -->
