<?xml version="1.0" encoding="UTF-8"?>
<!-- Generated by org.testng.reporters.JUnitReportReporter -->
<testsuite hostname="NSL-6533" failures="0" tests="1" name="pages.PostTest" time="3.436" errors="0" timestamp="27 Jun 2022 13:08:42 GMT" skipped="0">
  <testcase classname="pages.PostTest" name="test1" time="3.436"/>
</testsuite> <!-- pages.PostTest -->
