<?xml version="1.0" encoding="UTF-8"?>
<!-- Generated by org.testng.reporters.JUnitReportReporter -->
<testsuite hostname="NSL-6533" failures="0" tests="1" name="shrutiApi.Get_Req" time="4.384" errors="0" timestamp="01 Jul 2022 11:00:18 GMT" skipped="0">
  <testcase classname="shrutiApi.Get_Req" name="getDet" time="4.384"/>
</testsuite> <!-- shrutiApi.Get_Req -->
