<?xml version="1.0" encoding="UTF-8"?>
<!-- Generated by org.testng.reporters.JUnitReportReporter -->
<testsuite hostname="NSL-6533" failures="0" tests="1" name="shrutiApi.GetTest" time="2.903" errors="0" timestamp="29 Jun 2022 08:59:29 GMT" skipped="0">
  <testcase classname="shrutiApi.GetTest" name="test1" time="2.903"/>
</testsuite> <!-- shrutiApi.GetTest -->
